
> resume-builder@0.1.0 dev
> NEXT_PRIVATE_TURBOPACK=0 next dev

▲ Next.js 16.1.3 (Turbopack)
- Local:         http://localhost:3000
- Network:       http://192.168.1.66:3000
- Environments: .env.local

✓ Starting...
✓ Ready in 535ms
Error: Cannot apply unknown utility class `bg-white`. Are you using CSS modules or similar and missing `@reference`? https://tailwindcss.com/docs/functions-and-directives#reference-directive
    [2m[at onInvalidCandidate (/Users/baronmuster/Desktop/resume-builder/node_modules/tailwindcss/dist/lib.js:21:1314)][0m
    [2m[at Te (/Users/baronmuster/Desktop/resume-builder/node_modules/tailwindcss/dist/lib.js:16:36652)][0m
    [2m[at /Users/baronmuster/Desktop/resume-builder/node_modules/tailwindcss/dist/lib.js:21:355][0m
    [2m[at Rr (/Users/baronmuster/Desktop/resume-builder/node_modules/tailwindcss/dist/lib.js:3:1718)][0m
    [2m[at _ (/Users/baronmuster/Desktop/resume-builder/node_modules/tailwindcss/dist/lib.js:3:1377)][0m
    [2m[at $e (/Users/baronmuster/Desktop/resume-builder/node_modules/tailwindcss/dist/lib.js:21:172)][0m
    [2m[at un (/Users/baronmuster/Desktop/resume-builder/node_modules/tailwindcss/dist/lib.js:38:294)][0m
    [2m[at process.processTicksAndRejections (node:internal/process/task_queues:103:5)][0m
    [2m[at async cn (/Users/baronmuster/Desktop/resume-builder/node_modules/tailwindcss/dist/lib.js:38:631)][0m
    [2m[at async Xr (/Users/baronmuster/Desktop/resume-builder/node_modules/@tailwindcss/node/dist/index.js:10:3417)][0m
⨯ ./app/globals.css
Error evaluating Node.js code
CssSyntaxError: tailwindcss: /Users/baronmuster/Desktop/resume-builder/app/globals.css:1:1: Cannot apply unknown utility class `bg-white`. Are you using CSS modules or similar and missing `@reference`? https://tailwindcss.com/docs/functions-and-directives#reference-directive
    [at Input.error (turbopack:///[project]/node_modules/postcss/lib/input.js:135:16)]
    [at Root.error (turbopack:///[project]/node_modules/postcss/lib/node.js:146:32)]
    [at Object.Once (/Users/baronmuster/Desktop/resume-builder/node_modules/@tailwindcss/postcss/dist/index.js:10:6911)]
    [at process.processTicksAndRejections (node:internal/process/task_queues:103:5)]
    [at async LazyResult.runAsync (turbopack:///[project]/node_modules/postcss/lib/lazy-result.js:293:11)]
    [at async transform (turbopack:///[turbopack-node]/transforms/postcss.ts:70:34)]
    [at async run (turbopack:///[turbopack-node]/ipc/evaluate.ts:92:23)]

Import trace:
  Client Component Browser:
    ./app/globals.css [Client Component Browser]
    ./app/layout.tsx [Server Component]


 GET / 500 in 1778ms (compile: 1704ms, render: 74ms)
✓ Compiled in 57ms
 GET / 200 in 216ms (compile: 134ms, render: 83ms)
[?25h
